\BOOKMARK [1][-]{section.1}{\376\377\000I\000n\000t\000r\000o\000d\000u\000c\000t\000i\000o\000n}{}% 1
\BOOKMARK [2][-]{subsection.1.1}{\376\377\000T\000r\000u\000n\000c\000a\000t\000i\000o\000n\000\040\000S\000e\000l\000e\000c\000t\000i\000o\000n}{section.1}% 2
\BOOKMARK [2][-]{subsection.1.2}{\376\377\000R\000o\000u\000l\000e\000t\000t\000e\000\040\000W\000h\000e\000e\000l\000\040\000S\000e\000l\000e\000c\000t\000i\000o\000n}{section.1}% 3
\BOOKMARK [2][-]{subsection.1.3}{\376\377\000k\000-\000p\000o\000i\000n\000t\000\040\000c\000r\000o\000s\000s\000o\000v\000e\000r}{section.1}% 4
\BOOKMARK [2][-]{subsection.1.4}{\376\377\000F\000u\000n\000c\000t\000i\000o\000n\000\040\000D\000e\000f\000i\000n\000i\000t\000i\000o\000n}{section.1}% 5
\BOOKMARK [3][-]{subsubsection.1.4.1}{\376\377\000D\000e\000\040\000J\000o\000n\000g\000\040\0001\000\040\000F\000u\000n\000c\000t\000i\000o\000n}{subsection.1.4}% 6
\BOOKMARK [3][-]{subsubsection.1.4.2}{\376\377\000S\000c\000h\000w\000e\000f\000e\000l\040\031\000s\000\040\000F\000u\000n\000c\000t\000i\000o\000n}{subsection.1.4}% 7
\BOOKMARK [3][-]{subsubsection.1.4.3}{\376\377\000M\000i\000c\000h\000a\000l\000e\000w\000i\000c\000z\040\031\000s\000\040\000F\000u\000n\000c\000t\000i\000o\000n}{subsection.1.4}% 8
\BOOKMARK [3][-]{subsubsection.1.4.4}{\376\377\000R\000a\000s\000t\000r\000i\000g\000i\000n\040\031\000s\000\040\000F\000u\000n\000c\000t\000i\000o\000n}{subsection.1.4}% 9
\BOOKMARK [2][-]{subsection.1.5}{\376\377\000C\000o\000n\000f\000i\000d\000e\000n\000c\000e\000\040\000I\000n\000t\000e\000r\000v\000a\000l}{section.1}% 10
\BOOKMARK [2][-]{subsection.1.6}{\376\377\000D\000e\000s\000c\000r\000i\000b\000e\000\040\000C\000o\000m\000p\000a\000r\000i\000s\000o\000n\000\040\000M\000e\000t\000h\000o\000d}{section.1}% 11
\BOOKMARK [3][-]{subsubsection.1.6.1}{\376\377\000H\000y\000p\000o\000t\000h\000e\000s\000e\000s}{subsection.1.6}% 12
\BOOKMARK [1][-]{section.2}{\376\377\000G\000e\000n\000e\000t\000i\000c\000\040\000A\000l\000g\000o\000r\000i\000t\000h\000m\000\040\000C\000o\000m\000p\000a\000r\000i\000s\000o\000n}{}% 13
\BOOKMARK [2][-]{subsection.2.1}{\376\377\000D\000e\000\040\000J\000o\000n\000g\000\040\0001\000\040\000F\000u\000n\000c\000t\000i\000o\000n}{section.2}% 14
\BOOKMARK [3][-]{subsubsection.2.1.1}{\376\377\0005\000\040\000d\000i\000m\000e\000n\000s\000i\000o\000n\000s\000\040\000-\000\040\000T\000r\000u\000n\000c\000a\000t\000e\000\040\000S\000e\000l\000e\000c\000t\000i\000o\000n}{subsection.2.1}% 15
\BOOKMARK [3][-]{subsubsection.2.1.2}{\376\377\0005\000\040\000d\000i\000m\000e\000n\000s\000i\000o\000n\000s\000\040\000-\000\040\000R\000o\000u\000l\000e\000t\000t\000e\000\040\000W\000h\000e\000e\000l\000\040\000S\000e\000l\000e\000c\000t\000i\000o\000n}{subsection.2.1}% 16
\BOOKMARK [3][-]{subsubsection.2.1.3}{\376\377\0001\0000\000\040\000d\000i\000m\000e\000n\000s\000i\000o\000n\000s\000\040\000-\000\040\000T\000r\000u\000n\000c\000a\000t\000e\000\040\000S\000e\000l\000e\000c\000t\000i\000o\000n}{subsection.2.1}% 17
\BOOKMARK [3][-]{subsubsection.2.1.4}{\376\377\0001\0000\000\040\000d\000i\000m\000e\000n\000s\000i\000o\000n\000s\000\040\000-\000\040\000R\000o\000u\000l\000e\000t\000t\000e\000\040\000W\000h\000e\000e\000l\000\040\000S\000e\000l\000e\000c\000t\000i\000o\000n}{subsection.2.1}% 18
\BOOKMARK [3][-]{subsubsection.2.1.5}{\376\377\0003\0000\000\040\000d\000i\000m\000e\000n\000s\000i\000o\000n\000s\000\040\000-\000\040\000T\000r\000u\000n\000c\000a\000t\000e\000\040\000S\000e\000l\000e\000c\000t\000i\000o\000n}{subsection.2.1}% 19
\BOOKMARK [3][-]{subsubsection.2.1.6}{\376\377\0003\0000\000\040\000d\000i\000m\000e\000n\000s\000i\000o\000n\000s\000\040\000-\000\040\000R\000o\000u\000l\000e\000t\000t\000e\000\040\000W\000h\000e\000e\000l\000\040\000S\000e\000l\000e\000c\000t\000i\000o\000n}{subsection.2.1}% 20
\BOOKMARK [2][-]{subsection.2.2}{\376\377\000S\000c\000h\000w\000e\000f\000e\000l\040\031\000s\000\040\000F\000u\000n\000c\000t\000i\000o\000n}{section.2}% 21
\BOOKMARK [3][-]{subsubsection.2.2.1}{\376\377\0005\000\040\000d\000i\000m\000e\000n\000s\000i\000o\000n\000s\000\040\000-\000\040\000T\000r\000u\000n\000c\000a\000t\000e\000\040\000S\000e\000l\000e\000c\000t\000i\000o\000n}{subsection.2.2}% 22
\BOOKMARK [3][-]{subsubsection.2.2.2}{\376\377\0005\000\040\000d\000i\000m\000e\000n\000s\000i\000o\000n\000s\000\040\000-\000\040\000R\000o\000u\000l\000e\000t\000t\000e\000\040\000W\000h\000e\000e\000l\000\040\000S\000e\000l\000e\000c\000t\000i\000o\000n}{subsection.2.2}% 23
\BOOKMARK [3][-]{subsubsection.2.2.3}{\376\377\0001\0000\000\040\000d\000i\000m\000e\000n\000s\000i\000o\000n\000s\000\040\000-\000\040\000T\000r\000u\000n\000c\000a\000t\000e\000\040\000S\000e\000l\000e\000c\000t\000i\000o\000n}{subsection.2.2}% 24
\BOOKMARK [3][-]{subsubsection.2.2.4}{\376\377\0001\0000\000\040\000d\000i\000m\000e\000n\000s\000i\000o\000n\000s\000\040\000-\000\040\000R\000o\000u\000l\000e\000t\000t\000e\000\040\000W\000h\000e\000e\000l\000\040\000S\000e\000l\000e\000c\000t\000i\000o\000n}{subsection.2.2}% 25
\BOOKMARK [3][-]{subsubsection.2.2.5}{\376\377\0003\0000\000\040\000d\000i\000m\000e\000n\000s\000i\000o\000n\000s\000\040\000-\000\040\000T\000r\000u\000n\000c\000a\000t\000e\000\040\000S\000e\000l\000e\000c\000t\000i\000o\000n}{subsection.2.2}% 26
\BOOKMARK [3][-]{subsubsection.2.2.6}{\376\377\0003\0000\000\040\000d\000i\000m\000e\000n\000s\000i\000o\000n\000s\000\040\000-\000\040\000R\000o\000u\000l\000e\000t\000t\000e\000\040\000W\000h\000e\000e\000l\000\040\000S\000e\000l\000e\000c\000t\000i\000o\000n}{subsection.2.2}% 27
\BOOKMARK [2][-]{subsection.2.3}{\376\377\000M\000i\000c\000h\000a\000l\000e\000w\000i\000c\000z\040\031\000s\000\040\000F\000u\000n\000c\000t\000i\000o\000n}{section.2}% 28
\BOOKMARK [3][-]{subsubsection.2.3.1}{\376\377\0005\000\040\000d\000i\000m\000e\000n\000s\000i\000o\000n\000s\000\040\000-\000\040\000T\000r\000u\000n\000c\000a\000t\000e\000\040\000S\000e\000l\000e\000c\000t\000i\000o\000n}{subsection.2.3}% 29
\BOOKMARK [3][-]{subsubsection.2.3.2}{\376\377\0005\000\040\000d\000i\000m\000e\000n\000s\000i\000o\000n\000s\000\040\000-\000\040\000R\000o\000u\000l\000e\000t\000t\000e\000\040\000W\000h\000e\000e\000l\000\040\000S\000e\000l\000e\000c\000t\000i\000o\000n}{subsection.2.3}% 30
\BOOKMARK [3][-]{subsubsection.2.3.3}{\376\377\0001\0000\000\040\000d\000i\000m\000e\000n\000s\000i\000o\000n\000s\000\040\000-\000\040\000T\000r\000u\000n\000c\000a\000t\000e\000\040\000S\000e\000l\000e\000c\000t\000i\000o\000n}{subsection.2.3}% 31
\BOOKMARK [3][-]{subsubsection.2.3.4}{\376\377\0001\0000\000\040\000d\000i\000m\000e\000n\000s\000i\000o\000n\000s\000\040\000-\000\040\000R\000o\000u\000l\000e\000t\000t\000e\000\040\000W\000h\000e\000e\000l\000\040\000S\000e\000l\000e\000c\000t\000i\000o\000n}{subsection.2.3}% 32
\BOOKMARK [3][-]{subsubsection.2.3.5}{\376\377\0003\0000\000\040\000d\000i\000m\000e\000n\000s\000i\000o\000n\000s\000\040\000-\000\040\000T\000r\000u\000n\000c\000a\000t\000e\000\040\000S\000e\000l\000e\000c\000t\000i\000o\000n}{subsection.2.3}% 33
\BOOKMARK [3][-]{subsubsection.2.3.6}{\376\377\0003\0000\000\040\000d\000i\000m\000e\000n\000s\000i\000o\000n\000s\000\040\000-\000\040\000R\000o\000u\000l\000e\000t\000t\000e\000\040\000W\000h\000e\000e\000l\000\040\000S\000e\000l\000e\000c\000t\000i\000o\000n}{subsection.2.3}% 34
\BOOKMARK [2][-]{subsection.2.4}{\376\377\000R\000a\000s\000t\000r\000i\000g\000i\000n\040\031\000s\000\040\000F\000u\000n\000c\000t\000i\000o\000n}{section.2}% 35
\BOOKMARK [3][-]{subsubsection.2.4.1}{\376\377\0005\000\040\000d\000i\000m\000e\000n\000s\000i\000o\000n\000s\000\040\000-\000\040\000T\000r\000u\000n\000c\000a\000t\000e\000\040\000S\000e\000l\000e\000c\000t\000i\000o\000n}{subsection.2.4}% 36
\BOOKMARK [3][-]{subsubsection.2.4.2}{\376\377\0005\000\040\000d\000i\000m\000e\000n\000s\000i\000o\000n\000s\000\040\000-\000\040\000R\000o\000u\000l\000e\000t\000t\000e\000\040\000W\000h\000e\000e\000l\000\040\000S\000e\000l\000e\000c\000t\000i\000o\000n}{subsection.2.4}% 37
\BOOKMARK [3][-]{subsubsection.2.4.3}{\376\377\0001\0000\000\040\000d\000i\000m\000e\000n\000s\000i\000o\000n\000s\000\040\000-\000\040\000T\000r\000u\000n\000c\000a\000t\000e\000\040\000S\000e\000l\000e\000c\000t\000i\000o\000n}{subsection.2.4}% 38
\BOOKMARK [3][-]{subsubsection.2.4.4}{\376\377\0001\0000\000\040\000d\000i\000m\000e\000n\000s\000i\000o\000n\000s\000\040\000-\000\040\000R\000o\000u\000l\000e\000t\000t\000e\000\040\000W\000h\000e\000e\000l\000\040\000S\000e\000l\000e\000c\000t\000i\000o\000n}{subsection.2.4}% 39
\BOOKMARK [3][-]{subsubsection.2.4.5}{\376\377\0003\0000\000\040\000d\000i\000m\000e\000n\000s\000i\000o\000n\000s\000\040\000-\000\040\000T\000r\000u\000n\000c\000a\000t\000e\000\040\000S\000e\000l\000e\000c\000t\000i\000o\000n}{subsection.2.4}% 40
\BOOKMARK [3][-]{subsubsection.2.4.6}{\376\377\0003\0000\000\040\000d\000i\000m\000e\000n\000s\000i\000o\000n\000s\000\040\000-\000\040\000R\000o\000u\000l\000e\000t\000t\000e\000\040\000W\000h\000e\000e\000l\000\040\000S\000e\000l\000e\000c\000t\000i\000o\000n}{subsection.2.4}% 41
\BOOKMARK [1][-]{section.3}{\376\377\000H\000e\000u\000r\000i\000s\000t\000i\000c\000\040\000A\000l\000g\000o\000r\000i\000t\000h\000m\000s\000\040\000a\000n\000d\000\040\000G\000e\000n\000e\000t\000i\000c\000\040\000A\000l\000g\000o\000r\000i\000t\000h\000m\000s\000\040\000C\000o\000m\000p\000a\000r\000i\000s\000o\000n}{}% 42
\BOOKMARK [2][-]{subsection.3.1}{\376\377\000D\000e\000\040\000J\000o\000n\000g\000\040\0001\000\040\000F\000u\000n\000c\000t\000i\000o\000n}{section.3}% 43
\BOOKMARK [2][-]{subsection.3.2}{\376\377\000S\000c\000h\000w\000e\000f\000e\000l\040\031\000s\000\040\000F\000u\000n\000c\000t\000i\000o\000n}{section.3}% 44
\BOOKMARK [2][-]{subsection.3.3}{\376\377\000M\000i\000c\000h\000a\000l\000e\000w\000i\000c\000z\040\031\000s\000\040\000F\000u\000n\000c\000t\000i\000o\000n}{section.3}% 45
\BOOKMARK [2][-]{subsection.3.4}{\376\377\000R\000a\000s\000t\000r\000i\000g\000i\000n\040\031\000s\000\040\000F\000u\000n\000c\000t\000i\000o\000n}{section.3}% 46
\BOOKMARK [1][-]{section.4}{\376\377\000C\000o\000n\000c\000l\000u\000s\000i\000o\000n}{}% 47
